2019-12-12 15:53:03,234 [Worker-0: Loading available Gradle versions] INFO  o.e.b.c.i.u.g.PublishedGradleVersions - Gradle version information cache is out-of-date. Trying to update.
2019-12-15 16:23:39,363 [Worker-7: Loading available Gradle versions] INFO  o.e.b.c.i.u.g.PublishedGradleVersions - Gradle version information cache is out-of-date. Trying to update.
2019-12-16 14:22:05,789 [Worker-7: Loading available Gradle versions] INFO  o.e.b.c.i.u.g.PublishedGradleVersions - Gradle version information cache is up-to-date. Trying to read.
2019-12-17 15:53:07,947 [Worker-19: Loading available Gradle versions] INFO  o.e.b.c.i.u.g.PublishedGradleVersions - Gradle version information cache is up-to-date. Trying to read.
2019-12-17 17:39:25,601 [Worker-6: Loading available Gradle versions] INFO  o.e.b.c.i.u.g.PublishedGradleVersions - Gradle version information cache is up-to-date. Trying to read.
2019-12-18 11:16:17,994 [Worker-17: Loading available Gradle versions] INFO  o.e.b.c.i.u.g.PublishedGradleVersions - Gradle version information cache is up-to-date. Trying to read.
2019-12-18 12:54:14,473 [Worker-23: Loading available Gradle versions] INFO  o.e.b.c.i.u.g.PublishedGradleVersions - Gradle version information cache is up-to-date. Trying to read.
2019-12-19 09:41:35,365 [Worker-9: Loading available Gradle versions] INFO  o.e.b.c.i.u.g.PublishedGradleVersions - Gradle version information cache is out-of-date. Trying to update.
2019-12-19 11:31:08,592 [Worker-14: Loading available Gradle versions] INFO  o.e.b.c.i.u.g.PublishedGradleVersions - Gradle version information cache is up-to-date. Trying to read.
2019-12-19 15:22:47,591 [Worker-9: Loading available Gradle versions] INFO  o.e.b.c.i.u.g.PublishedGradleVersions - Gradle version information cache is up-to-date. Trying to read.
2020-01-09 14:06:00,052 [Worker-27: Loading available Gradle versions] INFO  o.e.b.c.i.u.g.PublishedGradleVersions - Gradle version information cache is out-of-date. Trying to update.
2020-01-10 15:08:25,022 [Worker-15: Loading available Gradle versions] INFO  o.e.b.c.i.u.g.PublishedGradleVersions - Gradle version information cache is out-of-date. Trying to update.
2020-01-13 12:52:21,206 [Worker-11: Loading available Gradle versions] INFO  o.e.b.c.i.u.g.PublishedGradleVersions - Gradle version information cache is out-of-date. Trying to update.
2020-01-13 14:48:16,232 [Worker-3: Loading available Gradle versions] INFO  o.e.b.c.i.u.g.PublishedGradleVersions - Gradle version information cache is up-to-date. Trying to read.
2020-01-14 08:18:47,477 [Worker-18: Loading available Gradle versions] INFO  o.e.b.c.i.u.g.PublishedGradleVersions - Gradle version information cache is up-to-date. Trying to read.
2020-01-14 15:23:03,983 [Worker-1: Loading available Gradle versions] INFO  o.e.b.c.i.u.g.PublishedGradleVersions - Gradle version information cache is out-of-date. Trying to update.
2020-01-14 18:33:50,490 [Worker-12: Loading available Gradle versions] INFO  o.e.b.c.i.u.g.PublishedGradleVersions - Gradle version information cache is up-to-date. Trying to read.
2020-01-15 14:48:34,296 [Worker-8: Loading available Gradle versions] INFO  o.e.b.c.i.u.g.PublishedGradleVersions - Gradle version information cache is up-to-date. Trying to read.
2020-01-21 17:18:19,576 [Worker-16: Loading available Gradle versions] INFO  o.e.b.c.i.u.g.PublishedGradleVersions - Gradle version information cache is out-of-date. Trying to update.
2020-01-22 00:06:07,948 [Worker-6: Loading available Gradle versions] INFO  o.e.b.c.i.u.g.PublishedGradleVersions - Gradle version information cache is up-to-date. Trying to read.
2020-01-22 08:53:50,760 [Worker-3: Loading available Gradle versions] INFO  o.e.b.c.i.u.g.PublishedGradleVersions - Gradle version information cache is up-to-date. Trying to read.
2020-01-22 14:43:04,283 [Worker-10: Loading available Gradle versions] INFO  o.e.b.c.i.u.g.PublishedGradleVersions - Gradle version information cache is up-to-date. Trying to read.
2020-01-22 14:57:59,732 [Worker-9: Loading available Gradle versions] INFO  o.e.b.c.i.u.g.PublishedGradleVersions - Gradle version information cache is up-to-date. Trying to read.
2020-02-04 08:56:38,638 [Worker-8: Loading available Gradle versions] INFO  o.e.b.c.i.u.g.PublishedGradleVersions - Gradle version information cache is out-of-date. Trying to update.
2020-02-04 14:41:40,072 [Worker-13: Loading available Gradle versions] INFO  o.e.b.c.i.u.g.PublishedGradleVersions - Gradle version information cache is up-to-date. Trying to read.
2020-02-04 19:29:21,563 [Worker-22: Loading available Gradle versions] INFO  o.e.b.c.i.u.g.PublishedGradleVersions - Gradle version information cache is up-to-date. Trying to read.
2020-02-04 20:53:06,468 [Worker-15: Loading available Gradle versions] INFO  o.e.b.c.i.u.g.PublishedGradleVersions - Gradle version information cache is up-to-date. Trying to read.
2020-02-05 08:46:10,135 [Worker-6: Loading available Gradle versions] INFO  o.e.b.c.i.u.g.PublishedGradleVersions - Gradle version information cache is up-to-date. Trying to read.
2020-02-05 13:13:14,247 [Worker-8: Loading available Gradle versions] INFO  o.e.b.c.i.u.g.PublishedGradleVersions - Gradle version information cache is out-of-date. Trying to update.
2020-02-06 13:38:09,999 [Worker-30: Loading available Gradle versions] INFO  o.e.b.c.i.u.g.PublishedGradleVersions - Gradle version information cache is out-of-date. Trying to update.
2020-02-06 15:41:21,100 [Worker-32: Loading available Gradle versions] INFO  o.e.b.c.i.u.g.PublishedGradleVersions - Gradle version information cache is up-to-date. Trying to read.
2020-02-06 20:48:47,467 [Worker-1: Loading available Gradle versions] INFO  o.e.b.c.i.u.g.PublishedGradleVersions - Gradle version information cache is up-to-date. Trying to read.
2020-02-07 08:57:41,613 [Worker-16: Loading available Gradle versions] INFO  o.e.b.c.i.u.g.PublishedGradleVersions - Gradle version information cache is up-to-date. Trying to read.
2020-02-10 14:56:03,264 [Worker-22: Loading available Gradle versions] INFO  o.e.b.c.i.u.g.PublishedGradleVersions - Gradle version information cache is out-of-date. Trying to update.
2020-02-11 15:20:54,889 [Worker-19: Loading available Gradle versions] INFO  o.e.b.c.i.u.g.PublishedGradleVersions - Gradle version information cache is out-of-date. Trying to update.
2020-02-13 18:52:29,124 [Worker-19: Loading available Gradle versions] INFO  o.e.b.c.i.u.g.PublishedGradleVersions - Gradle version information cache is out-of-date. Trying to update.
2020-02-14 11:40:26,047 [Worker-19: Loading available Gradle versions] INFO  o.e.b.c.i.u.g.PublishedGradleVersions - Gradle version information cache is up-to-date. Trying to read.
2020-02-14 17:04:15,581 [Worker-12: Loading available Gradle versions] INFO  o.e.b.c.i.u.g.PublishedGradleVersions - Gradle version information cache is up-to-date. Trying to read.
2020-02-17 15:07:43,914 [Worker-0: Loading available Gradle versions] INFO  o.e.b.c.i.u.g.PublishedGradleVersions - Gradle version information cache is out-of-date. Trying to update.
2020-03-19 09:09:08,467 [Worker-5: Loading available Gradle versions] INFO  o.e.b.c.i.u.g.PublishedGradleVersions - Gradle version information cache is up-to-date. Trying to read.
2020-04-07 10:08:26,966 [Worker-6: Loading available Gradle versions] INFO  o.e.b.c.i.u.g.PublishedGradleVersions - Gradle version information cache is out-of-date. Trying to update.
2020-04-16 10:45:09,286 [Worker-7: Loading available Gradle versions] INFO  o.e.b.c.i.u.g.PublishedGradleVersions - Gradle version information cache is out-of-date. Trying to update.
2020-04-20 14:19:08,129 [Worker-7: Loading available Gradle versions] INFO  o.e.b.c.i.u.g.PublishedGradleVersions - Gradle version information cache is out-of-date. Trying to update.
2020-04-21 10:14:26,648 [Worker-5: Loading available Gradle versions] INFO  o.e.b.c.i.u.g.PublishedGradleVersions - Gradle version information cache is up-to-date. Trying to read.
2020-04-22 13:03:07,653 [Worker-3: Loading available Gradle versions] INFO  o.e.b.c.i.u.g.PublishedGradleVersions - Gradle version information cache is out-of-date. Trying to update.
2020-04-23 08:33:24,674 [Worker-5: Loading available Gradle versions] INFO  o.e.b.c.i.u.g.PublishedGradleVersions - Gradle version information cache is up-to-date. Trying to read.
2020-04-23 14:15:17,578 [Worker-6: Loading available Gradle versions] INFO  o.e.b.c.i.u.g.PublishedGradleVersions - Gradle version information cache is up-to-date. Trying to read.
2020-04-23 15:18:30,889 [Worker-4: Loading available Gradle versions] INFO  o.e.b.c.i.u.g.PublishedGradleVersions - Gradle version information cache is up-to-date. Trying to read.
2020-04-24 12:21:57,180 [Worker-1: Loading available Gradle versions] INFO  o.e.b.c.i.u.g.PublishedGradleVersions - Gradle version information cache is up-to-date. Trying to read.
2020-05-11 15:55:44,603 [Worker-7: Loading available Gradle versions] INFO  o.e.b.c.i.u.g.PublishedGradleVersions - Gradle version information cache is out-of-date. Trying to update.
2020-05-19 15:08:12,586 [Worker-6: Loading available Gradle versions] INFO  o.e.b.c.i.u.g.PublishedGradleVersions - Gradle version information cache is out-of-date. Trying to update.
2020-05-19 15:28:24,584 [Worker-6: Loading available Gradle versions] INFO  o.e.b.c.i.u.g.PublishedGradleVersions - Gradle version information cache is up-to-date. Trying to read.
2020-05-19 15:32:05,011 [Worker-4: Loading available Gradle versions] INFO  o.e.b.c.i.u.g.PublishedGradleVersions - Gradle version information cache is up-to-date. Trying to read.
2020-05-25 14:03:38,257 [Worker-1: Loading available Gradle versions] INFO  o.e.b.c.i.u.g.PublishedGradleVersions - Gradle version information cache is out-of-date. Trying to update.
2020-05-27 13:56:55,141 [Worker-3: Loading available Gradle versions] INFO  o.e.b.c.i.u.g.PublishedGradleVersions - Gradle version information cache is out-of-date. Trying to update.
2020-05-28 12:19:34,057 [Worker-5: Loading available Gradle versions] INFO  o.e.b.c.i.u.g.PublishedGradleVersions - Gradle version information cache is up-to-date. Trying to read.
2020-06-02 13:40:34,871 [Worker-3: Loading available Gradle versions] INFO  o.e.b.c.i.u.g.PublishedGradleVersions - Gradle version information cache is out-of-date. Trying to update.
2020-06-04 11:43:34,775 [Worker-7: Loading available Gradle versions] INFO  o.e.b.c.i.u.g.PublishedGradleVersions - Gradle version information cache is out-of-date. Trying to update.
2020-06-08 09:36:58,233 [Worker-1: Loading available Gradle versions] INFO  o.e.b.c.i.u.g.PublishedGradleVersions - Gradle version information cache is out-of-date. Trying to update.
2020-06-08 10:32:51,072 [Worker-6: Loading available Gradle versions] INFO  o.e.b.c.i.u.g.PublishedGradleVersions - Gradle version information cache is up-to-date. Trying to read.
2020-07-16 13:43:14,750 [Worker-6: Loading available Gradle versions] INFO  o.e.b.c.i.u.g.PublishedGradleVersions - Gradle version information cache is out-of-date. Trying to update.
2020-07-16 14:09:20,021 [main] ERROR org.eclipse.jgit.util.SystemReader - Creating XDG_CONFIG_HOME directory Z:\.config failed
java.nio.file.FileSystemException: Z:\.config: Unable to determine if root directory exists
	at java.nio.file.Files.createDirectories(Unknown Source) ~[na:1.8.0_241]
	at org.eclipse.jgit.util.SystemReader$Default.getXDGConfigHome(SystemReader.java:120) [org.eclipse.jgit_5.8.0.202006091008-r.jar:5.8.0.202006091008-r]
	at org.eclipse.jgit.util.SystemReader$Default.openJGitConfig(SystemReader.java:131) [org.eclipse.jgit_5.8.0.202006091008-r.jar:5.8.0.202006091008-r]
	at org.eclipse.jgit.util.SystemReader.getJGitConfig(SystemReader.java:348) [org.eclipse.jgit_5.8.0.202006091008-r.jar:5.8.0.202006091008-r]
	at org.eclipse.jgit.util.SystemReader.getSystemConfig(SystemReader.java:373) [org.eclipse.jgit_5.8.0.202006091008-r.jar:5.8.0.202006091008-r]
	at org.eclipse.jgit.util.SystemReader.getUserConfig(SystemReader.java:321) [org.eclipse.jgit_5.8.0.202006091008-r.jar:5.8.0.202006091008-r]
	at org.eclipse.egit.core.Activator$EclipseSystemReader.getUserConfig(Activator.java:1177) [org.eclipse.egit.core_5.8.0.202006091008-r.jar:na]
	at org.eclipse.jgit.util.Monitoring.registerMBean(Monitoring.java:54) [org.eclipse.jgit_5.8.0.202006091008-r.jar:5.8.0.202006091008-r]
	at org.eclipse.jgit.internal.storage.file.WindowCache.<init>(WindowCache.java:474) [org.eclipse.jgit_5.8.0.202006091008-r.jar:5.8.0.202006091008-r]
	at org.eclipse.jgit.internal.storage.file.WindowCache.reconfigure(WindowCache.java:362) [org.eclipse.jgit_5.8.0.202006091008-r.jar:5.8.0.202006091008-r]
	at org.eclipse.jgit.internal.storage.file.WindowCache.<clinit>(WindowCache.java:343) [org.eclipse.jgit_5.8.0.202006091008-r.jar:5.8.0.202006091008-r]
	at org.eclipse.jgit.storage.file.WindowCacheConfig.install(WindowCacheConfig.java:304) [org.eclipse.jgit_5.8.0.202006091008-r.jar:5.8.0.202006091008-r]
	at org.eclipse.egit.core.project.GitProjectData.reconfigureWindowCache(GitProjectData.java:429) [org.eclipse.egit.core_5.8.0.202006091008-r.jar:na]
	at org.eclipse.egit.core.Activator.start(Activator.java:260) [org.eclipse.egit.core_5.8.0.202006091008-r.jar:na]
	at org.eclipse.osgi.internal.framework.BundleContextImpl$3.run(BundleContextImpl.java:843) [org.eclipse.osgi_3.15.300.v20200520-1959.jar:na]
	at org.eclipse.osgi.internal.framework.BundleContextImpl$3.run(BundleContextImpl.java:1) [org.eclipse.osgi_3.15.300.v20200520-1959.jar:na]
	at java.security.AccessController.doPrivileged(Native Method) [na:1.8.0_241]
	at org.eclipse.osgi.internal.framework.BundleContextImpl.startActivator(BundleContextImpl.java:835) [org.eclipse.osgi_3.15.300.v20200520-1959.jar:na]
	at org.eclipse.osgi.internal.framework.BundleContextImpl.start(BundleContextImpl.java:792) [org.eclipse.osgi_3.15.300.v20200520-1959.jar:na]
	at org.eclipse.osgi.internal.framework.EquinoxBundle.startWorker0(EquinoxBundle.java:1015) [org.eclipse.osgi_3.15.300.v20200520-1959.jar:na]
	at org.eclipse.osgi.internal.framework.EquinoxBundle$EquinoxModule.startWorker(EquinoxBundle.java:365) [org.eclipse.osgi_3.15.300.v20200520-1959.jar:na]
	at org.eclipse.osgi.container.Module.doStart(Module.java:605) [org.eclipse.osgi_3.15.300.v20200520-1959.jar:na]
	at org.eclipse.osgi.container.Module.start(Module.java:468) [org.eclipse.osgi_3.15.300.v20200520-1959.jar:na]
	at org.eclipse.osgi.framework.util.SecureAction.start(SecureAction.java:493) [org.eclipse.osgi_3.15.300.v20200520-1959.jar:na]
	at org.eclipse.osgi.internal.hooks.EclipseLazyStarter.postFindLocalClass(EclipseLazyStarter.java:117) [org.eclipse.osgi_3.15.300.v20200520-1959.jar:na]
	at org.eclipse.osgi.internal.loader.classpath.ClasspathManager.findLocalClass(ClasspathManager.java:571) [org.eclipse.osgi_3.15.300.v20200520-1959.jar:na]
	at org.eclipse.osgi.internal.loader.ModuleClassLoader.findLocalClass(ModuleClassLoader.java:346) [org.eclipse.osgi_3.15.300.v20200520-1959.jar:na]
	at org.eclipse.osgi.internal.loader.BundleLoader.findLocalClass(BundleLoader.java:398) [org.eclipse.osgi_3.15.300.v20200520-1959.jar:na]
	at org.eclipse.osgi.internal.loader.sources.SingleSourcePackage.loadClass(SingleSourcePackage.java:41) [org.eclipse.osgi_3.15.300.v20200520-1959.jar:na]
	at org.eclipse.osgi.internal.loader.BundleLoader.findClass(BundleLoader.java:456) [org.eclipse.osgi_3.15.300.v20200520-1959.jar:na]
	at org.eclipse.osgi.internal.loader.ModuleClassLoader.loadClass(ModuleClassLoader.java:171) [org.eclipse.osgi_3.15.300.v20200520-1959.jar:na]
	at java.lang.ClassLoader.loadClass(Unknown Source) [na:1.8.0_241]
	at org.eclipse.egit.ui.Activator$RepositoryChangeScanner.<init>(Activator.java:632) [org.eclipse.egit.ui_5.8.0.202006091008-r.jar:na]
	at org.eclipse.egit.ui.Activator.setupRepoChangeScanner(Activator.java:897) [org.eclipse.egit.ui_5.8.0.202006091008-r.jar:na]
	at org.eclipse.egit.ui.Activator.start(Activator.java:348) [org.eclipse.egit.ui_5.8.0.202006091008-r.jar:na]
	at org.eclipse.osgi.internal.framework.BundleContextImpl$3.run(BundleContextImpl.java:843) [org.eclipse.osgi_3.15.300.v20200520-1959.jar:na]
	at org.eclipse.osgi.internal.framework.BundleContextImpl$3.run(BundleContextImpl.java:1) [org.eclipse.osgi_3.15.300.v20200520-1959.jar:na]
	at java.security.AccessController.doPrivileged(Native Method) [na:1.8.0_241]
	at org.eclipse.osgi.internal.framework.BundleContextImpl.startActivator(BundleContextImpl.java:835) [org.eclipse.osgi_3.15.300.v20200520-1959.jar:na]
	at org.eclipse.osgi.internal.framework.BundleContextImpl.start(BundleContextImpl.java:792) [org.eclipse.osgi_3.15.300.v20200520-1959.jar:na]
	at org.eclipse.osgi.internal.framework.EquinoxBundle.startWorker0(EquinoxBundle.java:1015) [org.eclipse.osgi_3.15.300.v20200520-1959.jar:na]
	at org.eclipse.osgi.internal.framework.EquinoxBundle$EquinoxModule.startWorker(EquinoxBundle.java:365) [org.eclipse.osgi_3.15.300.v20200520-1959.jar:na]
	at org.eclipse.osgi.container.Module.doStart(Module.java:605) [org.eclipse.osgi_3.15.300.v20200520-1959.jar:na]
	at org.eclipse.osgi.container.Module.start(Module.java:468) [org.eclipse.osgi_3.15.300.v20200520-1959.jar:na]
	at org.eclipse.osgi.framework.util.SecureAction.start(SecureAction.java:493) [org.eclipse.osgi_3.15.300.v20200520-1959.jar:na]
	at org.eclipse.osgi.internal.hooks.EclipseLazyStarter.postFindLocalClass(EclipseLazyStarter.java:117) [org.eclipse.osgi_3.15.300.v20200520-1959.jar:na]
	at org.eclipse.osgi.internal.loader.classpath.ClasspathManager.findLocalClass(ClasspathManager.java:571) [org.eclipse.osgi_3.15.300.v20200520-1959.jar:na]
	at org.eclipse.osgi.internal.loader.ModuleClassLoader.findLocalClass(ModuleClassLoader.java:346) [org.eclipse.osgi_3.15.300.v20200520-1959.jar:na]
	at org.eclipse.osgi.internal.loader.BundleLoader.findLocalClass(BundleLoader.java:398) [org.eclipse.osgi_3.15.300.v20200520-1959.jar:na]
	at org.eclipse.osgi.internal.loader.BundleLoader.findClass(BundleLoader.java:477) [org.eclipse.osgi_3.15.300.v20200520-1959.jar:na]
	at org.eclipse.osgi.internal.loader.ModuleClassLoader.loadClass(ModuleClassLoader.java:171) [org.eclipse.osgi_3.15.300.v20200520-1959.jar:na]
	at java.lang.ClassLoader.loadClass(Unknown Source) [na:1.8.0_241]
	at org.eclipse.osgi.internal.framework.EquinoxBundle.loadClass(EquinoxBundle.java:620) [org.eclipse.osgi_3.15.300.v20200520-1959.jar:na]
	at org.eclipse.core.internal.registry.osgi.RegistryStrategyOSGI.createExecutableExtension(RegistryStrategyOSGI.java:196) [org.eclipse.equinox.registry_3.8.800.v20200406-0956.jar:na]
	at org.eclipse.core.internal.registry.ExtensionRegistry.createExecutableExtension(ExtensionRegistry.java:923) [org.eclipse.equinox.registry_3.8.800.v20200406-0956.jar:na]
	at org.eclipse.core.internal.registry.ConfigurationElement.createExecutableExtension(ConfigurationElement.java:246) [org.eclipse.equinox.registry_3.8.800.v20200406-0956.jar:na]
	at org.eclipse.core.internal.registry.ConfigurationElementHandle.createExecutableExtension(ConfigurationElementHandle.java:63) [org.eclipse.equinox.registry_3.8.800.v20200406-0956.jar:na]
	at org.eclipse.ui.internal.services.WorkbenchServiceRegistry.getSourceProviders(WorkbenchServiceRegistry.java:170) [org.eclipse.ui.workbench_3.119.0.v20200521-1247.jar:na]
	at org.eclipse.ui.internal.services.SourceProviderService.readRegistry(SourceProviderService.java:104) [org.eclipse.ui.workbench_3.119.0.v20200521-1247.jar:na]
	at org.eclipse.ui.internal.Workbench$34.runWithException(Workbench.java:2322) [org.eclipse.ui.workbench_3.119.0.v20200521-1247.jar:na]
	at org.eclipse.ui.internal.StartupThreading$StartupRunnable.run(StartupThreading.java:36) [org.eclipse.ui.workbench_3.119.0.v20200521-1247.jar:na]
	at org.eclipse.swt.widgets.Synchronizer.syncExec(Synchronizer.java:236) [org.eclipse.swt.win32.win32.x86_64_3.114.100.v20200604-0951.jar:na]
	at org.eclipse.ui.internal.UISynchronizer.syncExec(UISynchronizer.java:133) [org.eclipse.ui.workbench_3.119.0.v20200521-1247.jar:na]
	at org.eclipse.swt.widgets.Display.syncExec(Display.java:4735) [org.eclipse.swt.win32.win32.x86_64_3.114.100.v20200604-0951.jar:na]
	at org.eclipse.ui.internal.StartupThreading.runWithoutExceptions(StartupThreading.java:94) [org.eclipse.ui.workbench_3.119.0.v20200521-1247.jar:na]
	at org.eclipse.ui.internal.Workbench.initializeDefaultServices(Workbench.java:2317) [org.eclipse.ui.workbench_3.119.0.v20200521-1247.jar:na]
	at org.eclipse.ui.internal.Workbench.init(Workbench.java:1640) [org.eclipse.ui.workbench_3.119.0.v20200521-1247.jar:na]
	at org.eclipse.ui.internal.Workbench.runUI(Workbench.java:2793) [org.eclipse.ui.workbench_3.119.0.v20200521-1247.jar:na]
	at org.eclipse.ui.internal.Workbench.lambda$3(Workbench.java:646) [org.eclipse.ui.workbench_3.119.0.v20200521-1247.jar:na]
	at org.eclipse.core.databinding.observable.Realm.runWithDefault(Realm.java:338) ~[org.eclipse.core.databinding.observable_1.9.0.v20200205-2119.jar:na]
	at org.eclipse.ui.internal.Workbench.createAndRunWorkbench(Workbench.java:557) [org.eclipse.ui.workbench_3.119.0.v20200521-1247.jar:na]
	at org.eclipse.ui.PlatformUI.createAndRunWorkbench(PlatformUI.java:154) ~[org.eclipse.ui.workbench_3.119.0.v20200521-1247.jar:na]
	at org.eclipse.ui.internal.ide.application.IDEApplication.start(IDEApplication.java:150) ~[na:na]
	at org.eclipse.equinox.internal.app.EclipseAppHandle.run(EclipseAppHandle.java:203) ~[org.eclipse.equinox.app_1.4.500.v20200422-1833.jar:na]
	at org.eclipse.core.runtime.internal.adaptor.EclipseAppLauncher.runApplication(EclipseAppLauncher.java:137) ~[org.eclipse.osgi_3.15.300.v20200520-1959.jar:na]
	at org.eclipse.core.runtime.internal.adaptor.EclipseAppLauncher.start(EclipseAppLauncher.java:107) ~[org.eclipse.osgi_3.15.300.v20200520-1959.jar:na]
	at org.eclipse.core.runtime.adaptor.EclipseStarter.run(EclipseStarter.java:401) ~[org.eclipse.osgi_3.15.300.v20200520-1959.jar:na]
	at org.eclipse.core.runtime.adaptor.EclipseStarter.run(EclipseStarter.java:255) ~[org.eclipse.osgi_3.15.300.v20200520-1959.jar:na]
	at sun.reflect.NativeMethodAccessorImpl.invoke0(Native Method) ~[na:1.8.0_241]
	at sun.reflect.NativeMethodAccessorImpl.invoke(Unknown Source) ~[na:1.8.0_241]
	at sun.reflect.DelegatingMethodAccessorImpl.invoke(Unknown Source) ~[na:1.8.0_241]
	at java.lang.reflect.Method.invoke(Unknown Source) ~[na:1.8.0_241]
	at org.eclipse.equinox.launcher.Main.invokeFramework(Main.java:657) ~[org.eclipse.equinox.launcher_1.5.700.v20200207-2156.jar:na]
	at org.eclipse.equinox.launcher.Main.basicRun(Main.java:594) ~[org.eclipse.equinox.launcher_1.5.700.v20200207-2156.jar:na]
	at org.eclipse.equinox.launcher.Main.run(Main.java:1447) ~[org.eclipse.equinox.launcher_1.5.700.v20200207-2156.jar:na]
2020-07-16 14:09:26,638 [Worker-5: Loading available Gradle versions] INFO  o.e.b.c.i.u.g.PublishedGradleVersions - Gradle version information cache is up-to-date. Trying to read.
